--- Startup times for process: Primary (or UI client) ---

times in msec
 clock   self+sourced   self:  sourced script
 clock   elapsed:              other lines

000.000  000.000: --- NVIM STARTING ---
000.046  000.046: event init
000.145  000.099: early init
000.402  000.257: locale set
000.421  000.019: init first window
000.701  000.280: inits 1
000.706  000.005: window checked
000.708  000.002: parsing arguments
001.070  000.034  000.034: require('vim.shared')
001.142  000.030  000.030: require('vim.inspect')
001.176  000.027  000.027: require('vim._options')
001.178  000.105  000.048: require('vim._editor')
001.209  000.029  000.029: require('vim._system')
001.210  000.195  000.026: require('vim._init_packages')
001.213  000.311: init lua interpreter
002.959  001.746: nvim_ui_attach
003.219  000.260: nvim_set_client_info
003.220  000.001: --- NVIM STARTED ---

--- Startup times for process: Embedded ---

times in msec
 clock   self+sourced   self:  sourced script
 clock   elapsed:              other lines

000.000  000.000: --- NVIM STARTING ---
000.039  000.039: event init
000.104  000.065: early init
000.328  000.224: locale set
000.347  000.019: init first window
000.572  000.225: inits 1
000.587  000.015: window checked
000.589  000.001: parsing arguments
000.917  000.029  000.029: require('vim.shared')
000.982  000.027  000.027: require('vim.inspect')
001.013  000.025  000.025: require('vim._options')
001.015  000.096  000.043: require('vim._editor')
001.041  000.025  000.025: require('vim._system')
001.042  000.174  000.025: require('vim._init_packages')
001.044  000.281: init lua interpreter
002.101  001.058: expanding arguments
002.112  000.011: inits 2
002.292  000.180: init highlight
002.292  000.001: waiting for UI
002.388  000.095: done waiting for UI
002.392  000.004: clear screen
002.491  000.013  000.013: require('vim.keymap')
003.335  000.098  000.098: sourcing nvim_exec2()
003.444  001.050  000.939: require('vim._defaults')
003.445  000.003: init default mappings & autocommands
004.254  000.042  000.042: sourcing /Users/kylewong/Library/Application Support/nvs/versions/nightly/nvim-macos-arm64/share/nvim/runtime/ftplugin.vim
004.331  000.018  000.018: sourcing /Users/kylewong/Library/Application Support/nvs/versions/nightly/nvim-macos-arm64/share/nvim/runtime/indent.vim
004.771  000.071  000.071: require('vim.fs')
004.971  000.198  000.198: require('vim.uri')
004.982  000.304  000.034: require('vim.loader')
005.440  000.078  000.078: require('vim._async')
005.470  000.306  000.228: require('vim.pack')
005.840  000.003  000.003: require('vim.F')
007.752  000.953  000.953: require('vim.lsp.protocol')
007.768  001.125  000.173: require('vim.lsp.log')
007.939  000.169  000.169: require('vim.lsp.util')
008.126  000.107  000.107: require('vim.lsp.sync')
008.129  000.189  000.082: require('vim.lsp._changetracking')
008.398  000.152  000.152: require('vim.lsp._transport')
008.525  000.005  000.005: require('string.buffer')
008.526  000.108  000.103: require('vim._stringbuffer')
008.529  000.399  000.139: require('vim.lsp.rpc')
008.548  002.068  000.187: require('vim.lsp')
009.370  000.821  000.821: require('lspconfig.util')
009.478  000.102  000.102: require('vim.version')
010.857  004.437  001.446: sourcing /Users/kylewong/.local/share/nvim/site/pack/core/opt/nvim-lspconfig/plugin/lspconfig.lua
018.053  000.964  000.964: require('blink.cmp')
018.305  000.109  000.109: require('blink.cmp.lib.async')
018.618  000.167  000.167: require('blink.cmp.config.utils')
018.733  000.114  000.114: require('blink.cmp.config.keymap')
018.929  000.083  000.083: require('blink.cmp.config.completion.keyword')
019.002  000.071  000.071: require('blink.cmp.config.completion.trigger')
019.069  000.066  000.066: require('blink.cmp.config.completion.list')
019.136  000.066  000.066: require('blink.cmp.config.completion.accept')
019.206  000.069  000.069: require('blink.cmp.config.completion.menu')
019.267  000.060  000.060: require('blink.cmp.config.completion.documentation')
019.363  000.096  000.096: require('blink.cmp.config.completion.ghost_text')
019.364  000.630  000.119: require('blink.cmp.config.completion')
019.460  000.095  000.095: require('blink.cmp.config.fuzzy')
019.559  000.098  000.098: require('blink.cmp.config.sources')
019.685  000.125  000.125: require('blink.cmp.config.signature')
019.751  000.065  000.065: require('blink.cmp.config.snippets')
019.808  000.056  000.056: require('blink.cmp.config.appearance')
019.864  000.055  000.055: require('blink.cmp.config.modes.cmdline')
019.919  000.054  000.054: require('blink.cmp.config.modes.term')
019.920  001.614  000.154: require('blink.cmp.config')
019.981  000.060  000.060: require('blink.cmp.lib.utils')
020.048  000.066  000.066: require('blink.cmp.lib.event_emitter')
020.051  001.996  000.147: require('blink.cmp.sources.lib')
020.059  003.014  000.054: sourcing /Users/kylewong/.local/share/nvim/site/pack/core/opt/blink.cmp/plugin/blink-cmp.lua
020.645  000.046  000.046: sourcing /Users/kylewong/.local/share/nvim/site/pack/core/opt/which-key.nvim/plugin/which-key.lua
022.678  000.062  000.062: require('nvim-treesitter.utils')
023.266  000.099  000.099: require('vim.treesitter.language')
023.325  000.057  000.057: require('vim.func')
023.394  000.066  000.066: require('vim.func._memoize')
023.413  000.363  000.141: require('vim.treesitter.query')
023.481  000.067  000.067: require('vim.treesitter._range')
023.492  000.528  000.098: require('vim.treesitter.languagetree')
023.497  000.626  000.098: require('vim.treesitter')
024.013  001.334  000.708: require('nvim-treesitter.parsers')
024.314  000.067  000.067: require('nvim-treesitter.compat')
024.503  000.127  000.127: require('nvim-treesitter.ts_utils')
024.510  000.196  000.069: require('nvim-treesitter.tsrange')
024.598  000.087  000.087: require('nvim-treesitter.caching')
024.615  000.453  000.103: require('nvim-treesitter.query')
024.640  000.560  000.107: require('nvim-treesitter.configs')
024.645  000.631  000.071: require('nvim-treesitter.info')
024.782  000.136  000.136: require('nvim-treesitter.shell_command_selectors')
024.824  002.291  000.128: require('nvim-treesitter.install')
024.908  000.083  000.083: require('nvim-treesitter.statusline')
024.969  000.060  000.060: require('nvim-treesitter.query_predicates')
024.970  003.710  001.276: require('nvim-treesitter')
025.044  000.071  000.071: require('vim.iter')
025.527  004.308  000.527: sourcing /Users/kylewong/.local/share/nvim/site/pack/core/opt/nvim-treesitter/plugin/nvim-treesitter.lua
026.086  000.031  000.031: sourcing /Users/kylewong/.local/share/nvim/site/pack/core/opt/conform.nvim/plugin/conform.lua
027.892  000.034  000.034: sourcing /Users/kylewong/.local/share/nvim/site/pack/core/opt/grug-far.nvim/plugin/grug-far.lua
029.658  000.024  000.024: sourcing /Users/kylewong/.local/share/nvim/site/pack/core/opt/todo-comments.nvim/plugin/todo.vim
031.902  000.051  000.051: require('nvim-ts-autotag._log')
031.955  000.052  000.052: require('nvim-ts-autotag.config.init')
032.123  000.055  000.055: require('nvim-ts-autotag.utils')
032.125  000.108  000.052: require('nvim-ts-autotag.config.ft')
032.126  000.170  000.062: require('nvim-ts-autotag.config.plugin')
032.129  000.342  000.069: require('nvim-ts-autotag.internal')
032.130  001.119  000.777: require('nvim-ts-autotag')
032.178  001.194  000.075: sourcing /Users/kylewong/.local/share/nvim/site/pack/core/opt/nvim-ts-autotag/plugin/nvim-ts-autotag.lua
033.678  000.972  000.972: require('snacks')
033.679  001.008  000.036: sourcing /Users/kylewong/.local/share/nvim/site/pack/core/opt/snacks.nvim/plugin/snacks.lua
035.354  000.079  000.079: require('render-markdown.config.injections')
035.432  000.077  000.077: require('render-markdown.config.patterns')
035.491  000.059  000.059: require('render-markdown.config.anti_conceal')
035.540  000.048  000.048: require('render-markdown.config.padding')
035.590  000.049  000.049: require('render-markdown.config.latex')
035.639  000.048  000.048: require('render-markdown.config.on')
035.688  000.049  000.049: require('render-markdown.config.completions')
035.741  000.053  000.053: require('render-markdown.config.heading')
035.823  000.081  000.081: require('render-markdown.config.paragraph')
035.876  000.052  000.052: require('render-markdown.config.code')
035.922  000.046  000.046: require('render-markdown.config.dash')
035.971  000.048  000.048: require('render-markdown.config.document')
036.019  000.048  000.048: require('render-markdown.config.bullet')
036.068  000.049  000.049: require('render-markdown.config.checkbox')
036.115  000.046  000.046: require('render-markdown.config.quote')
036.165  000.049  000.049: require('render-markdown.config.pipe_table')
036.221  000.055  000.055: require('render-markdown.config.callout')
036.275  000.053  000.053: require('render-markdown.config.link')
036.322  000.047  000.047: require('render-markdown.config.sign')
036.371  000.048  000.048: require('render-markdown.config.inline_highlight')
036.439  000.049  000.049: require('render-markdown.config.indent')
036.488  000.048  000.048: require('render-markdown.config.html')
036.537  000.049  000.049: require('render-markdown.config.win_options')
036.585  000.047  000.047: require('render-markdown.config.overrides')
036.647  000.061  000.061: require('render-markdown.config.handlers')
036.648  002.037  000.700: require('render-markdown')
036.704  000.055  000.055: require('render-markdown.lib.presets')
036.849  000.055  000.055: require('render-markdown.lib.compat')
036.906  000.056  000.056: require('render-markdown.lib.env')
037.138  000.050  000.050: require('render-markdown.lib.str')
037.140  000.100  000.050: require('render-markdown.lib.line')
037.192  000.052  000.052: require('render-markdown.lib.resolved')
037.241  000.048  000.048: require('render-markdown.lib.iter')
037.242  000.285  000.085: require('render-markdown.lib.config')
037.243  000.337  000.052: require('render-markdown.state')
037.378  000.057  000.057: require('render-markdown.core.log')
037.525  000.048  000.048: require('render-markdown.request.callout')
037.572  000.047  000.047: require('render-markdown.request.checkbox')
037.623  000.051  000.051: require('render-markdown.request.conceal')
037.671  000.047  000.047: require('render-markdown.request.offset')
037.716  000.045  000.045: require('render-markdown.request.used')
037.820  000.056  000.056: require('render-markdown.lib.node')
037.868  000.048  000.048: require('render-markdown.lib.range')
037.870  000.153  000.049: require('render-markdown.request.view')
037.871  000.443  000.054: require('render-markdown.request.context')
037.922  000.051  000.051: require('render-markdown.lib.marks')
037.974  000.051  000.051: require('render-markdown.core.ts')
037.975  000.596  000.051: require('render-markdown.handler.html')
038.072  000.046  000.046: require('render-markdown.lib.indent')
038.074  000.098  000.052: require('render-markdown.handler.latex')
038.125  000.051  000.051: require('render-markdown.handler.markdown')
038.175  000.050  000.050: require('render-markdown.handler.markdown_inline')
038.176  000.932  000.081: require('render-markdown.core.handlers')
038.338  000.049  000.049: require('render-markdown.lib.decorator')
038.388  000.049  000.049: require('render-markdown.lib.extmark')
038.391  000.157  000.059: require('render-markdown.core.ui')
038.394  000.214  000.057: require('render-markdown.core.manager')
038.512  000.065  000.065: require('render-markdown.integ.source')
038.513  000.116  000.051: require('render-markdown.integ.blink')
038.574  000.058  000.058: require('render-markdown.core.colors')
038.711  000.049  000.049: require('render-markdown.api')
038.713  000.100  000.051: require('render-markdown.core.command')
038.764  004.186  000.226: sourcing /Users/kylewong/.local/share/nvim/site/pack/core/opt/render-markdown.nvim/plugin/render-markdown.lua
041.202  036.205  017.614: require('packages')
041.531  000.089  000.089: require('plugins._blink-cmp')
041.584  000.051  000.051: require('plugins._catppuccin')
041.631  000.045  000.045: require('plugins._cloak')
041.687  000.053  000.053: require('plugins._conform')
041.747  000.058  000.058: require('plugins._dotmd')
041.805  000.055  000.055: require('plugins._flash')
041.861  000.055  000.055: require('plugins._grug-far')
042.012  000.150  000.150: require('plugins._heirline')
042.114  000.098  000.098: require('plugins._inc-rename')
042.183  000.065  000.065: require('plugins._lazydev')
042.236  000.052  000.052: require('plugins._mini-ai')
042.293  000.056  000.056: require('plugins._mini-diff')
042.344  000.050  000.050: require('plugins._mini-extra')
042.401  000.055  000.055: require('plugins._mini-files')
042.453  000.049  000.049: require('plugins._mini-git')
042.509  000.055  000.055: require('plugins._mini-icons')
042.567  000.055  000.055: require('plugins._mini-indentscope')
042.618  000.050  000.050: require('plugins._mini-pairs')
042.678  000.059  000.059: require('plugins._mini-pick')
042.740  000.060  000.060: require('plugins._mini-starter')
042.796  000.054  000.054: require('plugins._nvim-lint')
042.851  000.055  000.055: require('plugins._nvim-tmux-navigation')
042.907  000.054  000.054: require('plugins._nvim-treesitter')
042.964  000.056  000.056: require('plugins._nvim-ts-autotag')
043.025  000.059  000.059: require('plugins._render-markdown')
043.096  000.070  000.070: require('plugins._snacks')
043.150  000.051  000.051: require('plugins._supermaven')
043.200  000.049  000.049: require('plugins._tailwind-autosort')
043.251  000.050  000.050: require('plugins._time-machine')
043.302  000.050  000.050: require('plugins._todo-comments')
043.354  000.051  000.051: require('plugins._ts-comments')
043.411  000.057  000.057: require('plugins._ts-error-translator')
043.506  000.094  000.094: require('plugins._undo-glow')
043.574  000.064  000.064: require('plugins._warp')
043.632  000.055  000.055: require('plugins._which-key')
044.467  000.757  000.757: require('lazydev')
044.529  000.061  000.061: require('lazydev.config')
044.595  000.062  000.062: require('lazydev.util')
045.508  000.901  000.901: require('mini.icons')
046.263  000.056  000.056: require('blink.cmp.config.modes.types')
046.569  000.051  000.051: require('blink.cmp.fuzzy.download.system')
046.598  000.136  000.085: require('blink.cmp.fuzzy.download.files')
046.599  000.186  000.050: require('blink.cmp.fuzzy.download.git')
046.601  000.254  000.068: require('blink.cmp.fuzzy.download')
050.421  000.076  000.076: require('vim.health')
050.423  000.167  000.091: require('vim.deprecated.health')
054.508  000.090  000.090: require('nvim-treesitter.locals')
054.512  000.167  000.076: require('nvim-treesitter.incremental_selection')
054.581  000.056  000.056: require('nvim-treesitter.indent')
054.636  000.047  000.047: require('nvim-treesitter.highlight')
055.245  000.607  000.607: require('vim.filetype')
056.027  000.047  000.047: require('nvim-tmux-navigation.tmux_util')
056.037  000.113  000.066: require('nvim-tmux-navigation')
056.192  000.047  000.047: require('warp.utils')
056.202  000.100  000.053: require('warp.events')
056.293  000.044  000.044: require('warp.notifier')
056.295  000.092  000.047: require('warp.list')
056.437  000.043  000.043: require('warp.builtins')
056.440  000.090  000.046: require('warp.storage')
056.442  000.147  000.057: require('warp.config')
056.444  000.393  000.055: require('warp')
056.883  000.130  000.130: require('mini.starter')
057.002  000.061  000.061: require('lint')
057.211  000.204  000.204: require('mini.pick')
057.326  000.051  000.051: require('vim.ui')
057.538  000.203  000.203: require('mini.extra')
057.719  000.049  000.049: require('tailwind-autosort.config')
057.720  000.101  000.052: require('tailwind-autosort')
057.774  000.052  000.052: require('tailwind-autosort.cmd')
057.824  000.049  000.049: require('tailwind-autosort.cache')
057.896  000.065  000.065: require('ts-error-translator')
058.126  000.128  000.128: require('vim.lsp.completion')
058.177  000.253  000.125: require('vim.lsp.handlers')
058.348  000.059  000.059: require('undo-glow.color')
058.350  000.117  000.059: require('undo-glow.config')
058.434  000.084  000.084: require('undo-glow.easing')
058.545  000.110  000.110: require('undo-glow.animation')
058.554  000.377  000.066: require('undo-glow')
058.642  000.055  000.055: require('undo-glow.highlight')
059.023  000.051  000.051: require('supermaven-nvim.config')
059.025  000.109  000.058: require('supermaven-nvim.logger')
059.028  000.177  000.068: require('supermaven-nvim.util')
059.030  000.237  000.060: require('supermaven-nvim.completion_preview')
059.288  000.082  000.082: require('supermaven-nvim.textual')
059.358  000.069  000.069: require('supermaven-nvim.binary.binary_fetcher')
059.373  000.240  000.088: require('supermaven-nvim.binary.binary_handler')
059.427  000.053  000.053: require('supermaven-nvim.document_listener')
059.430  000.349  000.056: require('supermaven-nvim.api')
059.431  000.401  000.051: require('supermaven-nvim.commands')
059.432  000.692  000.055: require('supermaven-nvim')
061.203  000.124  000.124: require('ts-comments')
061.342  000.118  000.118: require('ts-comments.config')
061.678  000.138  000.138: require('time-machine.constants')
061.822  000.143  000.143: require('time-machine.utils')
061.974  000.151  000.151: require('time-machine.logger')
061.984  000.548  000.116: require('time-machine.config')
062.282  000.065  000.065: require('time-machine.undotree')
062.338  000.056  000.056: require('time-machine.diff')
062.388  000.049  000.049: require('time-machine.tree')
062.439  000.050  000.050: require('time-machine.window')
062.442  000.364  000.144: require('time-machine.ui')
062.496  000.054  000.054: require('time-machine.tags')
062.498  000.513  000.095: require('time-machine.actions')
062.499  001.154  000.094: require('time-machine')
062.778  000.048  000.048: require('todo-comments.util')
062.781  000.107  000.059: require('todo-comments.config')
062.884  000.057  000.057: require('todo-comments.highlight')
062.885  000.103  000.046: require('todo-comments.jump')
062.886  000.261  000.051: require('todo-comments')
063.001  000.104  000.104: require('mini.pairs')
063.527  000.056  000.056: require('dotmd.config')
063.529  000.112  000.056: require('dotmd')
063.589  000.058  000.058: require('dotmd.commands')
063.642  000.052  000.052: require('dotmd.utils')
063.719  000.047  000.047: require('flash')
063.781  000.061  000.061: require('flash.config')
063.890  000.049  000.049: require('flash.require')
063.893  000.107  000.058: require('flash.plugins.search')
063.963  000.061  000.061: require('flash.plugins.char')
064.013  000.049  000.049: require('flash.repeat')
064.187  000.064  000.064: require('grug-far.highlights')
064.203  000.156  000.092: require('grug-far')
064.280  000.076  000.076: require('grug-far.opts')
064.354  000.069  000.069: require('conform')
064.448  000.068  000.068: require('catppuccin')
064.495  000.047  000.047: require('catppuccin.palettes')
064.540  000.043  000.043: require('catppuccin.palettes.mocha')
064.652  000.053  000.053: require('catppuccin.lib.hsluv')
064.653  000.102  000.049: require('catppuccin.utils.colors')
064.733  000.043  000.043: require('catppuccin.lib.hashing')
066.175  001.140  001.140: sourcing /Users/kylewong/.local/share/nvim/site/pack/core/opt/nvim/colors/catppuccin-macchiato.vim
066.274  000.061  000.061: require('cloak')
066.376  000.089  000.089: require('mini.indentscope')
066.603  000.052  000.052: require('heirline.utils')
066.647  000.044  000.044: require('heirline.highlights')
066.649  000.147  000.051: require('heirline.statusline')
066.651  000.198  000.051: require('heirline')
066.695  000.044  000.044: require('heirline.conditions')
067.255  000.157  000.157: require('mini.files')
067.270  000.005  000.005: sourcing nvim_exec2() called at /Users/kylewong/nix-system-config-v2/config/nvim/init.lua:0
067.274  000.002  000.002: sourcing nvim_exec2() called at /Users/kylewong/nix-system-config-v2/config/nvim/init.lua:0
067.414  000.127  000.127: require('mini.git')
067.532  000.068  000.068: require('inc_rename')
067.576  000.043  000.043: require('inc_rename.utils')
067.931  000.315  000.315: require('mini.ai')
068.147  000.123  000.123: require('mini.diff')
068.275  000.043  000.043: require('which-key')
068.334  000.054  000.054: require('which-key.config')
068.345  027.143  013.701: require('plugins')
069.225  000.115  000.115: sourcing nvim_exec2() called at /Users/kylewong/Library/Application Support/nvs/versions/nightly/nvim-macos-arm64/share/nvim/runtime/filetype.lua:0
069.226  000.157  000.042: sourcing /Users/kylewong/Library/Application Support/nvs/versions/nightly/nvim-macos-arm64/share/nvim/runtime/filetype.lua
069.331  000.009  000.009: sourcing /Users/kylewong/Library/Application Support/nvs/versions/nightly/nvim-macos-arm64/share/nvim/runtime/ftplugin.vim
069.422  000.004  000.004: sourcing /Users/kylewong/Library/Application Support/nvs/versions/nightly/nvim-macos-arm64/share/nvim/runtime/indent.vim
069.427  000.520  000.349: sourcing nvim_exec2() called at /Users/kylewong/nix-system-config-v2/config/nvim/init.lua:0
069.599  000.034  000.034: sourcing /Users/kylewong/Library/Application Support/nvs/versions/nightly/nvim-macos-arm64/share/nvim/runtime/syntax/synload.vim
069.635  000.172  000.138: sourcing /Users/kylewong/Library/Application Support/nvs/versions/nightly/nvim-macos-arm64/share/nvim/runtime/syntax/syntax.vim
069.637  000.207  000.035: sourcing nvim_exec2() called at /Users/kylewong/nix-system-config-v2/config/nvim/init.lua:0
069.639  000.001  000.001: sourcing nvim_exec2() called at /Users/kylewong/nix-system-config-v2/config/nvim/init.lua:0
069.640  000.001  000.001: sourcing nvim_exec2() called at /Users/kylewong/nix-system-config-v2/config/nvim/init.lua:0
069.641  001.295  000.567: require('options')
069.780  000.138  000.138: require('mappings')
069.898  000.117  000.117: require('autocmds')
070.230  000.049  000.049: require('lsp.bash')
070.280  000.049  000.049: require('lsp.biome')
070.323  000.042  000.042: require('lsp.docker')
070.364  000.040  000.040: require('lsp.eslint')
070.413  000.042  000.042: require('lsp.fish')
070.463  000.041  000.041: require('lsp.gh-actions')
070.503  000.039  000.039: require('lsp.go')
070.546  000.042  000.042: require('lsp.json')
070.592  000.045  000.045: require('lsp.just')
070.633  000.040  000.040: require('lsp.lua')
070.673  000.038  000.038: require('lsp.marksman')
070.716  000.043  000.043: require('lsp.nil')
070.757  000.040  000.040: require('lsp.prisma')
070.797  000.039  000.039: require('lsp.tailwindcss')
070.838  000.041  000.041: require('lsp.vtsls')
070.878  000.039  000.039: require('lsp.yaml')
070.881  000.982  000.313: require('lsp')
071.161  000.205  000.205: require('vim.diagnostic')
071.163  000.281  000.076: require('diagnostics')
071.163  066.542  000.076: sourcing /Users/kylewong/.config/nvim/init.lua
071.173  001.125: sourcing vimrc file(s)
072.454  000.103  000.103: sourcing /Users/kylewong/.local/share/nvim/site/pack/core/opt/render-markdown.nvim/plugin/render-markdown.lua
072.588  000.029  000.029: sourcing /Users/kylewong/.local/share/nvim/site/pack/core/opt/snacks.nvim/plugin/snacks.lua
072.722  000.053  000.053: sourcing /Users/kylewong/.local/share/nvim/site/pack/core/opt/nvim-ts-autotag/plugin/nvim-ts-autotag.lua
072.846  000.016  000.016: sourcing /Users/kylewong/.local/share/nvim/site/pack/core/opt/todo-comments.nvim/plugin/todo.vim
072.995  000.030  000.030: sourcing /Users/kylewong/.local/share/nvim/site/pack/core/opt/grug-far.nvim/plugin/grug-far.lua
073.140  000.025  000.025: sourcing /Users/kylewong/.local/share/nvim/site/pack/core/opt/conform.nvim/plugin/conform.lua
073.241  000.022  000.022: sourcing /Users/kylewong/.local/share/nvim/site/pack/core/opt/nvim-treesitter/plugin/nvim-treesitter.lua
073.345  000.027  000.027: sourcing /Users/kylewong/.local/share/nvim/site/pack/core/opt/which-key.nvim/plugin/which-key.lua
073.496  000.077  000.077: sourcing /Users/kylewong/.local/share/nvim/site/pack/core/opt/blink.cmp/plugin/blink-cmp.lua
073.803  000.044  000.044: sourcing /Users/kylewong/.local/share/nvim/site/pack/core/opt/nvim-lspconfig/plugin/lspconfig.lua
074.462  000.076  000.076: sourcing /Users/kylewong/Library/Application Support/nvs/versions/nightly/nvim-macos-arm64/share/nvim/runtime/plugin/gzip.vim
075.407  000.071  000.071: sourcing /Users/kylewong/Library/Application Support/nvs/versions/nightly/nvim-macos-arm64/share/nvim/runtime/pack/dist/opt/matchit/plugin/matchit.vim
075.452  000.962  000.891: sourcing /Users/kylewong/Library/Application Support/nvs/versions/nightly/nvim-macos-arm64/share/nvim/runtime/plugin/matchit.vim
075.534  000.055  000.055: sourcing /Users/kylewong/Library/Application Support/nvs/versions/nightly/nvim-macos-arm64/share/nvim/runtime/plugin/matchparen.vim
076.495  000.093  000.093: sourcing /Users/kylewong/Library/Application Support/nvs/versions/nightly/nvim-macos-arm64/share/nvim/runtime/pack/dist/opt/netrw/plugin/netrwPlugin.vim
076.539  000.978  000.886: sourcing /Users/kylewong/Library/Application Support/nvs/versions/nightly/nvim-macos-arm64/share/nvim/runtime/plugin/netrwPlugin.vim
076.665  000.093  000.093: sourcing /Users/kylewong/Library/Application Support/nvs/versions/nightly/nvim-macos-arm64/share/nvim/runtime/plugin/rplugin.vim
076.721  000.007  000.007: sourcing /Users/kylewong/Library/Application Support/nvs/versions/nightly/nvim-macos-arm64/share/nvim/runtime/plugin/spellfile.vim
076.785  000.033  000.033: sourcing /Users/kylewong/Library/Application Support/nvs/versions/nightly/nvim-macos-arm64/share/nvim/runtime/plugin/tarPlugin.vim
076.824  000.007  000.007: sourcing /Users/kylewong/Library/Application Support/nvs/versions/nightly/nvim-macos-arm64/share/nvim/runtime/plugin/tutor.vim
076.899  000.045  000.045: sourcing /Users/kylewong/Library/Application Support/nvs/versions/nightly/nvim-macos-arm64/share/nvim/runtime/plugin/zipPlugin.vim
076.985  000.053  000.053: sourcing /Users/kylewong/Library/Application Support/nvs/versions/nightly/nvim-macos-arm64/share/nvim/runtime/plugin/editorconfig.lua
077.054  000.037  000.037: sourcing /Users/kylewong/Library/Application Support/nvs/versions/nightly/nvim-macos-arm64/share/nvim/runtime/plugin/man.lua
077.124  000.037  000.037: sourcing /Users/kylewong/Library/Application Support/nvs/versions/nightly/nvim-macos-arm64/share/nvim/runtime/plugin/nvim/net.lua
077.192  000.035  000.035: sourcing /Users/kylewong/Library/Application Support/nvs/versions/nightly/nvim-macos-arm64/share/nvim/runtime/plugin/osc52.lua
077.280  000.056  000.056: sourcing /Users/kylewong/Library/Application Support/nvs/versions/nightly/nvim-macos-arm64/share/nvim/runtime/plugin/shada.lua
077.346  000.033  000.033: sourcing /Users/kylewong/Library/Application Support/nvs/versions/nightly/nvim-macos-arm64/share/nvim/runtime/plugin/tohtml.lua
077.367  003.260: loading rtp plugins
077.536  000.169: loading packages
078.036  000.500: loading after plugins
078.041  000.005: inits 3
079.334  001.293: reading ShaDa
079.377  000.043: opening buffers
079.422  000.045: BufEnter autocommands
079.423  000.001: editing files in windows
079.601  000.003  000.003: sourcing nvim_exec2() called at nvim_exec2() called at VimEnter Autocommands for "*":0:1
079.620  000.015  000.015: sourcing nvim_exec2() called at nvim_exec2() called at VimEnter Autocommands for "*":0:1
080.827  001.311  001.293: sourcing nvim_exec2() called at VimEnter Autocommands for "*":0
080.864  000.130: VimEnter autocommands
081.094  000.116  000.116: require('snacks.util')
081.133  000.259  000.143: require('snacks.input')
081.150  000.027: UIEnter autocommands
081.151  000.001: before starting main loop
081.239  000.082  000.082: require('undo-glow.commands')
081.324  000.083  000.083: require('undo-glow.utils')
081.722  000.406: first screen update
081.722  000.001: --- NVIM STARTED ---

--- Startup times for process: Primary (or UI client) ---

times in msec
 clock   self+sourced   self:  sourced script
 clock   elapsed:              other lines

000.000  000.000: --- NVIM STARTING ---
000.072  000.072: event init
000.255  000.183: early init
000.665  000.410: locale set
000.695  000.030: init first window
001.048  000.352: inits 1
001.055  000.007: window checked
001.057  000.002: parsing arguments
001.452  000.034  000.034: require('vim.shared')
001.525  000.030  000.030: require('vim.inspect')
001.559  000.028  000.028: require('vim._options')
001.561  000.107  000.049: require('vim._editor')
001.597  000.034  000.034: require('vim._system')
001.598  000.204  000.029: require('vim._init_packages')
001.601  000.340: init lua interpreter
003.880  002.279: nvim_ui_attach
004.254  000.375: nvim_set_client_info
004.259  000.004: --- NVIM STARTED ---

--- Startup times for process: Embedded ---

times in msec
 clock   self+sourced   self:  sourced script
 clock   elapsed:              other lines

000.000  000.000: --- NVIM STARTING ---
000.051  000.050: event init
000.132  000.081: early init
000.422  000.291: locale set
000.447  000.025: init first window
000.698  000.251: inits 1
000.712  000.014: window checked
000.713  000.002: parsing arguments
001.056  000.028  000.028: require('vim.shared')
001.120  000.026  000.026: require('vim.inspect')
001.150  000.024  000.024: require('vim._options')
001.151  000.093  000.043: require('vim._editor')
001.180  000.027  000.027: require('vim._system')
001.181  000.173  000.025: require('vim._init_packages')
001.182  000.295: init lua interpreter
002.732  001.550: expanding arguments
002.742  000.010: inits 2
002.920  000.178: init highlight
002.920  000.001: waiting for UI
003.016  000.096: done waiting for UI
003.020  000.004: clear screen
003.120  000.007  000.007: require('vim.keymap')
003.913  000.111  000.111: sourcing nvim_exec2()
004.040  001.018  000.899: require('vim._defaults')
004.041  000.003: init default mappings & autocommands
004.820  000.043  000.043: sourcing /Users/kylewong/Library/Application Support/nvs/versions/nightly/nvim-macos-arm64/share/nvim/runtime/ftplugin.vim
004.971  000.037  000.037: sourcing /Users/kylewong/Library/Application Support/nvs/versions/nightly/nvim-macos-arm64/share/nvim/runtime/indent.vim
005.465  000.072  000.072: require('vim.fs')
005.730  000.260  000.260: require('vim.uri')
005.742  000.390  000.058: require('vim.loader')
006.178  000.081  000.081: require('vim._async')
006.213  000.291  000.210: require('vim.pack')
006.606  000.003  000.003: require('vim.F')
008.351  000.650  000.650: require('vim.lsp.protocol')
008.383  000.833  000.183: require('vim.lsp.log')
008.675  000.290  000.290: require('vim.lsp.util')
008.916  000.116  000.116: require('vim.lsp.sync')
008.921  000.244  000.129: require('vim.lsp._changetracking')
009.220  000.164  000.164: require('vim.lsp._transport')
009.373  000.004  000.004: require('string.buffer')
009.374  000.132  000.128: require('vim._stringbuffer')
009.377  000.454  000.158: require('vim.lsp.rpc')
009.398  002.017  000.196: require('vim.lsp')
010.280  000.882  000.882: require('lspconfig.util')
010.385  000.095  000.095: require('vim.version')
011.162  003.877  000.883: sourcing /Users/kylewong/.local/share/nvim/site/pack/core/opt/nvim-lspconfig/plugin/lspconfig.lua
018.405  001.072  001.072: require('blink.cmp')
018.706  000.127  000.127: require('blink.cmp.lib.async')
018.988  000.130  000.130: require('blink.cmp.config.utils')
019.151  000.162  000.162: require('blink.cmp.config.keymap')
019.367  000.090  000.090: require('blink.cmp.config.completion.keyword')
019.479  000.111  000.111: require('blink.cmp.config.completion.trigger')
019.592  000.113  000.113: require('blink.cmp.config.completion.list')
019.729  000.136  000.136: require('blink.cmp.config.completion.accept')
019.946  000.216  000.216: require('blink.cmp.config.completion.menu')
020.073  000.126  000.126: require('blink.cmp.config.completion.documentation')
020.140  000.066  000.066: require('blink.cmp.config.completion.ghost_text')
020.141  000.988  000.132: require('blink.cmp.config.completion')
020.204  000.063  000.063: require('blink.cmp.config.fuzzy')
020.271  000.066  000.066: require('blink.cmp.config.sources')
020.335  000.063  000.063: require('blink.cmp.config.signature')
020.431  000.095  000.095: require('blink.cmp.config.snippets')
020.492  000.060  000.060: require('blink.cmp.config.appearance')
020.551  000.058  000.058: require('blink.cmp.config.modes.cmdline')
020.608  000.057  000.057: require('blink.cmp.config.modes.term')
020.610  001.902  000.160: require('blink.cmp.config')
020.676  000.065  000.065: require('blink.cmp.lib.utils')
020.736  000.059  000.059: require('blink.cmp.lib.event_emitter')
020.739  002.332  000.180: require('blink.cmp.sources.lib')
020.814  003.518  000.114: sourcing /Users/kylewong/.local/share/nvim/site/pack/core/opt/blink.cmp/plugin/blink-cmp.lua
021.391  000.031  000.031: sourcing /Users/kylewong/.local/share/nvim/site/pack/core/opt/which-key.nvim/plugin/which-key.lua
023.633  000.069  000.069: require('nvim-treesitter.utils')
024.215  000.089  000.089: require('vim.treesitter.language')
024.279  000.062  000.062: require('vim.func')
024.365  000.083  000.083: require('vim.func._memoize')
024.384  000.345  000.111: require('vim.treesitter.query')
024.460  000.075  000.075: require('vim.treesitter._range')
024.505  000.558  000.139: require('vim.treesitter.languagetree')
024.513  000.702  000.144: require('vim.treesitter')
024.964  001.329  000.627: require('nvim-treesitter.parsers')
025.287  000.074  000.074: require('nvim-treesitter.compat')
025.440  000.086  000.086: require('nvim-treesitter.ts_utils')
025.443  000.155  000.069: require('nvim-treesitter.tsrange')
025.525  000.081  000.081: require('nvim-treesitter.caching')
025.542  000.420  000.110: require('nvim-treesitter.query')
025.564  000.528  000.108: require('nvim-treesitter.configs')
025.570  000.605  000.076: require('nvim-treesitter.info')
025.700  000.130  000.130: require('nvim-treesitter.shell_command_selectors')
025.775  002.312  000.179: require('nvim-treesitter.install')
025.882  000.106  000.106: require('nvim-treesitter.statusline')
025.966  000.084  000.084: require('nvim-treesitter.query_predicates')
025.968  003.998  001.496: require('nvim-treesitter')
026.042  000.072  000.072: require('vim.iter')
026.410  004.479  000.409: sourcing /Users/kylewong/.local/share/nvim/site/pack/core/opt/nvim-treesitter/plugin/nvim-treesitter.lua
027.001  000.066  000.066: sourcing /Users/kylewong/.local/share/nvim/site/pack/core/opt/conform.nvim/plugin/conform.lua
028.743  000.033  000.033: sourcing /Users/kylewong/.local/share/nvim/site/pack/core/opt/grug-far.nvim/plugin/grug-far.lua
030.462  000.025  000.025: sourcing /Users/kylewong/.local/share/nvim/site/pack/core/opt/todo-comments.nvim/plugin/todo.vim
032.919  000.053  000.053: require('nvim-ts-autotag._log')
032.973  000.054  000.054: require('nvim-ts-autotag.config.init')
033.175  000.068  000.068: require('nvim-ts-autotag.utils')
033.176  000.134  000.066: require('nvim-ts-autotag.config.ft')
033.178  000.204  000.070: require('nvim-ts-autotag.config.plugin')
033.181  000.383  000.072: require('nvim-ts-autotag.internal')
033.183  001.405  001.022: require('nvim-ts-autotag')
033.305  001.555  000.150: sourcing /Users/kylewong/.local/share/nvim/site/pack/core/opt/nvim-ts-autotag/plugin/nvim-ts-autotag.lua
034.757  000.924  000.924: require('snacks')
034.758  000.950  000.026: sourcing /Users/kylewong/.local/share/nvim/site/pack/core/opt/snacks.nvim/plugin/snacks.lua
036.486  000.076  000.076: require('render-markdown.config.injections')
036.563  000.075  000.075: require('render-markdown.config.patterns')
036.621  000.058  000.058: require('render-markdown.config.anti_conceal')
036.670  000.048  000.048: require('render-markdown.config.padding')
036.718  000.048  000.048: require('render-markdown.config.latex')
036.771  000.052  000.052: require('render-markdown.config.on')
036.822  000.049  000.049: require('render-markdown.config.completions')
036.875  000.052  000.052: require('render-markdown.config.heading')
036.923  000.047  000.047: require('render-markdown.config.paragraph')
036.973  000.050  000.050: require('render-markdown.config.code')
037.021  000.047  000.047: require('render-markdown.config.dash')
037.068  000.046  000.046: require('render-markdown.config.document')
037.115  000.047  000.047: require('render-markdown.config.bullet')
037.163  000.048  000.048: require('render-markdown.config.checkbox')
037.212  000.048  000.048: require('render-markdown.config.quote')
037.261  000.049  000.049: require('render-markdown.config.pipe_table')
037.316  000.054  000.054: require('render-markdown.config.callout')
037.367  000.051  000.051: require('render-markdown.config.link')
037.414  000.046  000.046: require('render-markdown.config.sign')
037.461  000.046  000.046: require('render-markdown.config.inline_highlight')
037.542  000.048  000.048: require('render-markdown.config.indent')
037.589  000.047  000.047: require('render-markdown.config.html')
037.639  000.049  000.049: require('render-markdown.config.win_options')
037.687  000.046  000.046: require('render-markdown.config.overrides')
037.733  000.045  000.045: require('render-markdown.config.handlers')
037.734  002.063  000.790: require('render-markdown')
037.786  000.051  000.051: require('render-markdown.lib.presets')
038.008  000.056  000.056: require('render-markdown.lib.compat')
038.065  000.056  000.056: require('render-markdown.lib.env')
038.332  000.063  000.063: require('render-markdown.lib.str')
038.335  000.144  000.081: require('render-markdown.lib.line')
038.393  000.058  000.058: require('render-markdown.lib.resolved')
038.447  000.053  000.053: require('render-markdown.lib.iter')
038.449  000.331  000.075: require('render-markdown.lib.config')
038.454  000.387  000.057: require('render-markdown.state')
038.566  000.058  000.058: require('render-markdown.core.log')
038.718  000.049  000.049: require('render-markdown.request.callout')
038.769  000.050  000.050: require('render-markdown.request.checkbox')
038.825  000.055  000.055: require('render-markdown.request.conceal')
038.873  000.048  000.048: require('render-markdown.request.offset')
038.925  000.051  000.051: require('render-markdown.request.used')
039.035  000.058  000.058: require('render-markdown.lib.node')
039.085  000.050  000.050: require('render-markdown.lib.range')
039.087  000.161  000.053: require('render-markdown.request.view')
039.088  000.471  000.057: require('render-markdown.request.context')
039.142  000.053  000.053: require('render-markdown.lib.marks')
039.195  000.052  000.052: require('render-markdown.core.ts')
039.196  000.629  000.053: require('render-markdown.handler.html')
039.297  000.051  000.051: require('render-markdown.lib.indent')
039.299  000.102  000.051: require('render-markdown.handler.latex')
039.349  000.050  000.050: require('render-markdown.handler.markdown')
039.399  000.049  000.049: require('render-markdown.handler.markdown_inline')
039.401  000.946  000.057: require('render-markdown.core.handlers')
039.563  000.047  000.047: require('render-markdown.lib.decorator')
039.612  000.048  000.048: require('render-markdown.lib.extmark')
039.619  000.158  000.063: require('render-markdown.core.ui')
039.622  000.216  000.059: require('render-markdown.core.manager')
039.732  000.057  000.057: require('render-markdown.integ.source')
039.734  000.107  000.051: require('render-markdown.integ.blink')
039.798  000.064  000.064: require('render-markdown.core.colors')
039.998  000.070  000.070: require('render-markdown.api')
040.000  000.137  000.067: require('render-markdown.core.command')
040.055  004.440  000.357: sourcing /Users/kylewong/.local/share/nvim/site/pack/core/opt/render-markdown.nvim/plugin/render-markdown.lua
042.692  036.934  017.667: require('packages')
043.199  000.136  000.136: require('plugins._blink-cmp')
043.269  000.066  000.066: require('plugins._catppuccin')
043.333  000.057  000.057: require('plugins._cloak')
043.397  000.062  000.062: require('plugins._conform')
043.467  000.066  000.066: require('plugins._dotmd')
043.529  000.058  000.058: require('plugins._flash')
043.587  000.057  000.057: require('plugins._grug-far')
043.771  000.183  000.183: require('plugins._heirline')
043.882  000.108  000.108: require('plugins._inc-rename')
043.955  000.070  000.070: require('plugins._lazydev')
044.008  000.052  000.052: require('plugins._mini-ai')
044.061  000.052  000.052: require('plugins._mini-diff')
044.113  000.050  000.050: require('plugins._mini-extra')
044.167  000.054  000.054: require('plugins._mini-files')
044.221  000.051  000.051: require('plugins._mini-git')
044.282  000.060  000.060: require('plugins._mini-icons')
044.342  000.058  000.058: require('plugins._mini-indentscope')
044.394  000.050  000.050: require('plugins._mini-pairs')
044.456  000.061  000.061: require('plugins._mini-pick')
044.514  000.055  000.055: require('plugins._mini-starter')
044.571  000.055  000.055: require('plugins._nvim-lint')
044.623  000.051  000.051: require('plugins._nvim-tmux-navigation')
044.678  000.054  000.054: require('plugins._nvim-treesitter')
044.730  000.049  000.049: require('plugins._nvim-ts-autotag')
044.783  000.050  000.050: require('plugins._render-markdown')
044.842  000.058  000.058: require('plugins._snacks')
044.897  000.052  000.052: require('plugins._supermaven')
044.947  000.049  000.049: require('plugins._tailwind-autosort')
045.001  000.053  000.053: require('plugins._time-machine')
045.051  000.049  000.049: require('plugins._todo-comments')
045.105  000.052  000.052: require('plugins._ts-comments')
045.157  000.051  000.051: require('plugins._ts-error-translator')
045.250  000.092  000.092: require('plugins._undo-glow')
045.369  000.115  000.115: require('plugins._warp')
045.465  000.085  000.085: require('plugins._which-key')
046.367  000.788  000.788: require('lazydev')
046.462  000.094  000.094: require('lazydev.config')
046.621  000.104  000.104: require('lazydev.util')
047.339  000.627  000.627: require('mini.icons')
048.275  000.060  000.060: require('blink.cmp.config.modes.types')
048.649  000.049  000.049: require('blink.cmp.fuzzy.download.system')
048.678  000.132  000.083: require('blink.cmp.fuzzy.download.files')
048.679  000.210  000.078: require('blink.cmp.fuzzy.download.git')
048.681  000.277  000.067: require('blink.cmp.fuzzy.download')
052.648  000.063  000.063: require('vim.health')
052.650  000.128  000.065: require('vim.deprecated.health')
055.924  000.096  000.096: require('nvim-treesitter.indent')
055.997  000.061  000.061: require('nvim-treesitter.highlight')
056.121  000.058  000.058: require('nvim-treesitter.locals')
056.123  000.118  000.061: require('nvim-treesitter.incremental_selection')
056.678  000.552  000.552: require('vim.filetype')
057.506  000.078  000.078: require('nvim-tmux-navigation.tmux_util')
057.518  000.157  000.079: require('nvim-tmux-navigation')
057.698  000.055  000.055: require('warp.utils')
057.710  000.117  000.063: require('warp.events')
057.820  000.052  000.052: require('warp.notifier')
057.822  000.112  000.060: require('warp.list')
058.000  000.053  000.053: require('warp.builtins')
058.005  000.116  000.063: require('warp.storage')
058.010  000.187  000.071: require('warp.config')
058.013  000.478  000.061: require('warp')
058.351  000.191  000.191: require('mini.starter')
058.497  000.086  000.086: require('lint')
058.845  000.341  000.341: require('mini.pick')
059.014  000.078  000.078: require('vim.ui')
059.265  000.187  000.187: require('mini.extra')
059.550  000.068  000.068: require('tailwind-autosort.config')
059.551  000.134  000.066: require('tailwind-autosort')
059.627  000.075  000.075: require('tailwind-autosort.cmd')
059.694  000.065  000.065: require('tailwind-autosort.cache')
059.805  000.104  000.104: require('ts-error-translator')
060.176  000.264  000.264: require('vim.lsp.completion')
060.216  000.408  000.144: require('vim.lsp.handlers')
060.356  000.047  000.047: require('undo-glow.color')
060.358  000.092  000.045: require('undo-glow.config')
060.414  000.056  000.056: require('undo-glow.easing')
060.476  000.061  000.061: require('undo-glow.animation')
060.478  000.261  000.052: require('undo-glow')
060.531  000.047  000.047: require('undo-glow.highlight')
060.853  000.055  000.055: require('supermaven-nvim.config')
060.855  000.102  000.047: require('supermaven-nvim.logger')
060.857  000.151  000.049: require('supermaven-nvim.util')
060.859  000.201  000.050: require('supermaven-nvim.completion_preview')
061.053  000.047  000.047: require('supermaven-nvim.textual')
061.105  000.051  000.051: require('supermaven-nvim.binary.binary_fetcher')
061.116  000.168  000.070: require('supermaven-nvim.binary.binary_handler')
061.163  000.046  000.046: require('supermaven-nvim.document_listener')
061.165  000.260  000.046: require('supermaven-nvim.api')
061.166  000.306  000.046: require('supermaven-nvim.commands')
061.167  000.556  000.049: require('supermaven-nvim')
062.579  000.065  000.065: require('ts-comments')
062.651  000.055  000.055: require('ts-comments.config')
062.843  000.052  000.052: require('time-machine.constants')
062.891  000.048  000.048: require('time-machine.utils')
062.938  000.046  000.046: require('time-machine.logger')
062.942  000.210  000.064: require('time-machine.config')
063.104  000.049  000.049: require('time-machine.undotree')
063.160  000.055  000.055: require('time-machine.diff')
063.207  000.047  000.047: require('time-machine.tree')
063.254  000.046  000.046: require('time-machine.window')
063.257  000.267  000.069: require('time-machine.ui')
063.306  000.048  000.048: require('time-machine.tags')
063.307  000.365  000.050: require('time-machine.actions')
063.308  000.624  000.049: require('time-machine')
063.518  000.044  000.044: require('todo-comments.util')
063.521  000.097  000.053: require('todo-comments.config')
063.612  000.049  000.049: require('todo-comments.highlight')
063.613  000.092  000.043: require('todo-comments.jump')
063.614  000.234  000.045: require('todo-comments')
063.735  000.108  000.108: require('mini.pairs')
064.380  000.052  000.052: require('dotmd.config')
064.381  000.102  000.050: require('dotmd')
064.439  000.054  000.054: require('dotmd.commands')
064.487  000.047  000.047: require('dotmd.utils')
064.584  000.069  000.069: require('flash')
064.642  000.057  000.057: require('flash.config')
064.742  000.044  000.044: require('flash.require')
064.745  000.096  000.052: require('flash.plugins.search')
064.825  000.073  000.073: require('flash.plugins.char')
064.869  000.043  000.043: require('flash.repeat')
065.017  000.049  000.049: require('grug-far.highlights')
065.033  000.131  000.082: require('grug-far')
065.116  000.082  000.082: require('grug-far.opts')
065.215  000.093  000.093: require('conform')
065.320  000.073  000.073: require('catppuccin')
065.380  000.060  000.060: require('catppuccin.palettes')
065.433  000.051  000.051: require('catppuccin.palettes.mocha')
065.563  000.062  000.062: require('catppuccin.lib.hsluv')
065.565  000.119  000.057: require('catppuccin.utils.colors')
065.655  000.050  000.050: require('catppuccin.lib.hashing')
067.183  001.138  001.138: sourcing /Users/kylewong/.local/share/nvim/site/pack/core/opt/nvim/colors/catppuccin-macchiato.vim
067.280  000.058  000.058: require('cloak')
067.399  000.107  000.107: require('mini.indentscope')
067.605  000.052  000.052: require('heirline.utils')
067.652  000.047  000.047: require('heirline.highlights')
067.654  000.154  000.055: require('heirline.statusline')
067.656  000.207  000.053: require('heirline')
067.703  000.046  000.046: require('heirline.conditions')
068.297  000.255  000.255: require('mini.files')
068.333  000.004  000.004: sourcing nvim_exec2() called at /Users/kylewong/nix-system-config-v2/config/nvim/init.lua:0
068.337  000.002  000.002: sourcing nvim_exec2() called at /Users/kylewong/nix-system-config-v2/config/nvim/init.lua:0
068.734  000.370  000.370: require('mini.git')
068.904  000.106  000.106: require('inc_rename')
068.997  000.090  000.090: require('inc_rename.utils')
069.264  000.213  000.213: require('mini.ai')
069.671  000.189  000.189: require('mini.diff')
069.855  000.050  000.050: require('which-key')
069.936  000.075  000.075: require('which-key.config')
069.949  027.255  013.666: require('plugins')
070.828  000.120  000.120: sourcing nvim_exec2() called at /Users/kylewong/Library/Application Support/nvs/versions/nightly/nvim-macos-arm64/share/nvim/runtime/filetype.lua:0
070.829  000.160  000.041: sourcing /Users/kylewong/Library/Application Support/nvs/versions/nightly/nvim-macos-arm64/share/nvim/runtime/filetype.lua
070.929  000.008  000.008: sourcing /Users/kylewong/Library/Application Support/nvs/versions/nightly/nvim-macos-arm64/share/nvim/runtime/ftplugin.vim
071.017  000.004  000.004: sourcing /Users/kylewong/Library/Application Support/nvs/versions/nightly/nvim-macos-arm64/share/nvim/runtime/indent.vim
071.022  000.512  000.340: sourcing nvim_exec2() called at /Users/kylewong/nix-system-config-v2/config/nvim/init.lua:0
071.192  000.033  000.033: sourcing /Users/kylewong/Library/Application Support/nvs/versions/nightly/nvim-macos-arm64/share/nvim/runtime/syntax/synload.vim
071.227  000.169  000.136: sourcing /Users/kylewong/Library/Application Support/nvs/versions/nightly/nvim-macos-arm64/share/nvim/runtime/syntax/syntax.vim
071.228  000.203  000.034: sourcing nvim_exec2() called at /Users/kylewong/nix-system-config-v2/config/nvim/init.lua:0
071.230  000.001  000.001: sourcing nvim_exec2() called at /Users/kylewong/nix-system-config-v2/config/nvim/init.lua:0
071.232  000.001  000.001: sourcing nvim_exec2() called at /Users/kylewong/nix-system-config-v2/config/nvim/init.lua:0
071.233  001.283  000.566: require('options')
071.338  000.105  000.105: require('mappings')
071.465  000.126  000.126: require('autocmds')
071.852  000.089  000.089: require('lsp.bash')
071.933  000.080  000.080: require('lsp.biome')
072.016  000.082  000.082: require('lsp.docker')
072.088  000.071  000.071: require('lsp.eslint')
072.138  000.049  000.049: require('lsp.fish')
072.190  000.051  000.051: require('lsp.gh-actions')
072.236  000.045  000.045: require('lsp.go')
072.282  000.045  000.045: require('lsp.json')
072.356  000.073  000.073: require('lsp.just')
072.402  000.045  000.045: require('lsp.lua')
072.472  000.068  000.068: require('lsp.marksman')
072.517  000.045  000.045: require('lsp.nil')
072.560  000.042  000.042: require('lsp.prisma')
072.606  000.044  000.044: require('lsp.tailwindcss')
072.651  000.044  000.044: require('lsp.vtsls')
072.695  000.043  000.043: require('lsp.yaml')
072.698  001.232  000.316: require('lsp')
072.957  000.205  000.205: require('vim.diagnostic')
072.960  000.261  000.056: require('diagnostics')
072.961  067.655  000.068: sourcing /Users/kylewong/.config/nvim/init.lua
072.967  001.191: sourcing vimrc file(s)
074.239  000.132  000.132: sourcing /Users/kylewong/.local/share/nvim/site/pack/core/opt/render-markdown.nvim/plugin/render-markdown.lua
074.370  000.036  000.036: sourcing /Users/kylewong/.local/share/nvim/site/pack/core/opt/snacks.nvim/plugin/snacks.lua
074.501  000.053  000.053: sourcing /Users/kylewong/.local/share/nvim/site/pack/core/opt/nvim-ts-autotag/plugin/nvim-ts-autotag.lua
074.616  000.010  000.010: sourcing /Users/kylewong/.local/share/nvim/site/pack/core/opt/todo-comments.nvim/plugin/todo.vim
074.784  000.051  000.051: sourcing /Users/kylewong/.local/share/nvim/site/pack/core/opt/grug-far.nvim/plugin/grug-far.lua
074.936  000.033  000.033: sourcing /Users/kylewong/.local/share/nvim/site/pack/core/opt/conform.nvim/plugin/conform.lua
075.048  000.036  000.036: sourcing /Users/kylewong/.local/share/nvim/site/pack/core/opt/nvim-treesitter/plugin/nvim-treesitter.lua
075.160  000.038  000.038: sourcing /Users/kylewong/.local/share/nvim/site/pack/core/opt/which-key.nvim/plugin/which-key.lua
075.303  000.067  000.067: sourcing /Users/kylewong/.local/share/nvim/site/pack/core/opt/blink.cmp/plugin/blink-cmp.lua
075.624  000.066  000.066: sourcing /Users/kylewong/.local/share/nvim/site/pack/core/opt/nvim-lspconfig/plugin/lspconfig.lua
076.243  000.073  000.073: sourcing /Users/kylewong/Library/Application Support/nvs/versions/nightly/nvim-macos-arm64/share/nvim/runtime/plugin/gzip.vim
077.185  000.073  000.073: sourcing /Users/kylewong/Library/Application Support/nvs/versions/nightly/nvim-macos-arm64/share/nvim/runtime/pack/dist/opt/matchit/plugin/matchit.vim
077.229  000.956  000.883: sourcing /Users/kylewong/Library/Application Support/nvs/versions/nightly/nvim-macos-arm64/share/nvim/runtime/plugin/matchit.vim
077.311  000.054  000.054: sourcing /Users/kylewong/Library/Application Support/nvs/versions/nightly/nvim-macos-arm64/share/nvim/runtime/plugin/matchparen.vim
078.224  000.091  000.091: sourcing /Users/kylewong/Library/Application Support/nvs/versions/nightly/nvim-macos-arm64/share/nvim/runtime/pack/dist/opt/netrw/plugin/netrwPlugin.vim
078.267  000.929  000.839: sourcing /Users/kylewong/Library/Application Support/nvs/versions/nightly/nvim-macos-arm64/share/nvim/runtime/plugin/netrwPlugin.vim
078.389  000.089  000.089: sourcing /Users/kylewong/Library/Application Support/nvs/versions/nightly/nvim-macos-arm64/share/nvim/runtime/plugin/rplugin.vim
078.448  000.007  000.007: sourcing /Users/kylewong/Library/Application Support/nvs/versions/nightly/nvim-macos-arm64/share/nvim/runtime/plugin/spellfile.vim
078.513  000.032  000.032: sourcing /Users/kylewong/Library/Application Support/nvs/versions/nightly/nvim-macos-arm64/share/nvim/runtime/plugin/tarPlugin.vim
078.552  000.007  000.007: sourcing /Users/kylewong/Library/Application Support/nvs/versions/nightly/nvim-macos-arm64/share/nvim/runtime/plugin/tutor.vim
078.626  000.043  000.043: sourcing /Users/kylewong/Library/Application Support/nvs/versions/nightly/nvim-macos-arm64/share/nvim/runtime/plugin/zipPlugin.vim
078.765  000.107  000.107: sourcing /Users/kylewong/Library/Application Support/nvs/versions/nightly/nvim-macos-arm64/share/nvim/runtime/plugin/editorconfig.lua
078.854  000.057  000.057: sourcing /Users/kylewong/Library/Application Support/nvs/versions/nightly/nvim-macos-arm64/share/nvim/runtime/plugin/man.lua
078.948  000.059  000.059: sourcing /Users/kylewong/Library/Application Support/nvs/versions/nightly/nvim-macos-arm64/share/nvim/runtime/plugin/nvim/net.lua
079.054  000.075  000.075: sourcing /Users/kylewong/Library/Application Support/nvs/versions/nightly/nvim-macos-arm64/share/nvim/runtime/plugin/osc52.lua
079.188  000.100  000.100: sourcing /Users/kylewong/Library/Application Support/nvs/versions/nightly/nvim-macos-arm64/share/nvim/runtime/plugin/shada.lua
079.296  000.076  000.076: sourcing /Users/kylewong/Library/Application Support/nvs/versions/nightly/nvim-macos-arm64/share/nvim/runtime/plugin/tohtml.lua
079.316  003.163: loading rtp plugins
079.479  000.163: loading packages
079.980  000.501: loading after plugins
079.985  000.005: inits 3
081.294  001.309: reading ShaDa
081.340  000.045: opening buffers
081.426  000.087: BufEnter autocommands
081.427  000.001: editing files in windows
081.593  000.004  000.004: sourcing nvim_exec2() called at nvim_exec2() called at VimEnter Autocommands for "*":0:1
081.617  000.015  000.015: sourcing nvim_exec2() called at nvim_exec2() called at VimEnter Autocommands for "*":0:1
083.632  002.131  002.112: sourcing nvim_exec2() called at VimEnter Autocommands for "*":0
083.667  000.109: VimEnter autocommands
083.849  000.070  000.070: require('snacks.util')
083.883  000.210  000.140: require('snacks.input')
083.898  000.021: UIEnter autocommands
083.899  000.001: before starting main loop
083.966  000.061  000.061: require('undo-glow.commands')
084.027  000.060  000.060: require('undo-glow.utils')
084.324  000.303: first screen update
084.324  000.001: --- NVIM STARTED ---

